Determining if the pthread_create exist failed with the following output:
Change Dir: /home/josh/efim/ros_ws/build/CMakeFiles/CMakeTmp

Run Build Command:/usr/bin/make "cmTryCompileExec3156991942/fast"
/usr/bin/make -f CMakeFiles/cmTryCompileExec3156991942.dir/build.make CMakeFiles/cmTryCompileExec3156991942.dir/build
make[1]: Entering directory `/home/josh/efim/ros_ws/build/CMakeFiles/CMakeTmp'
/usr/bin/cmake -E cmake_progress_report /home/josh/efim/ros_ws/build/CMakeFiles/CMakeTmp/CMakeFiles 1
Building C object CMakeFiles/cmTryCompileExec3156991942.dir/CheckSymbolExists.c.o
/usr/bin/cc    -o CMakeFiles/cmTryCompileExec3156991942.dir/CheckSymbolExists.c.o   -c /home/josh/efim/ros_ws/build/CMakeFiles/CMakeTmp/CheckSymbolExists.c
Linking C executable cmTryCompileExec3156991942
/usr/bin/cmake -E cmake_link_script CMakeFiles/cmTryCompileExec3156991942.dir/link.txt --verbose=1
/usr/bin/cc       CMakeFiles/cmTryCompileExec3156991942.dir/CheckSymbolExists.c.o  -o cmTryCompileExec3156991942 -rdynamic 
CMakeFiles/cmTryCompileExec3156991942.dir/CheckSymbolExists.c.o: In function `main':
CheckSymbolExists.c:(.text+0x16): undefined reference to `pthread_create'
collect2: error: ld returned 1 exit status
make[1]: *** [cmTryCompileExec3156991942] Error 1
make[1]: Leaving directory `/home/josh/efim/ros_ws/build/CMakeFiles/CMakeTmp'
make: *** [cmTryCompileExec3156991942/fast] Error 2

File /home/josh/efim/ros_ws/build/CMakeFiles/CMakeTmp/CheckSymbolExists.c:
/* */
#include <pthread.h>

int main(int argc, char** argv)
{
  (void)argv;
#ifndef pthread_create
  return ((int*)(&pthread_create))[argc];
#else
  (void)argc;
  return 0;
#endif
}

Determining if the function pthread_create exists in the pthreads failed with the following output:
Change Dir: /home/josh/efim/ros_ws/build/CMakeFiles/CMakeTmp

Run Build Command:/usr/bin/make "cmTryCompileExec225186542/fast"
/usr/bin/make -f CMakeFiles/cmTryCompileExec225186542.dir/build.make CMakeFiles/cmTryCompileExec225186542.dir/build
make[1]: Entering directory `/home/josh/efim/ros_ws/build/CMakeFiles/CMakeTmp'
/usr/bin/cmake -E cmake_progress_report /home/josh/efim/ros_ws/build/CMakeFiles/CMakeTmp/CMakeFiles 1
Building C object CMakeFiles/cmTryCompileExec225186542.dir/CheckFunctionExists.c.o
/usr/bin/cc   -DCHECK_FUNCTION_EXISTS=pthread_create   -o CMakeFiles/cmTryCompileExec225186542.dir/CheckFunctionExists.c.o   -c /usr/share/cmake-2.8/Modules/CheckFunctionExists.c
Linking C executable cmTryCompileExec225186542
/usr/bin/cmake -E cmake_link_script CMakeFiles/cmTryCompileExec225186542.dir/link.txt --verbose=1
/usr/bin/cc   -DCHECK_FUNCTION_EXISTS=pthread_create    CMakeFiles/cmTryCompileExec225186542.dir/CheckFunctionExists.c.o  -o cmTryCompileExec225186542 -rdynamic -lpthreads 
/usr/bin/ld: cannot find -lpthreads
collect2: error: ld returned 1 exit status
make[1]: *** [cmTryCompileExec225186542] Error 1
make[1]: Leaving directory `/home/josh/efim/ros_ws/build/CMakeFiles/CMakeTmp'
make: *** [cmTryCompileExec225186542/fast] Error 2


